[debug] [2024-12-11T06:18:00.281Z] ----------------------------------------------------------------------
[debug] [2024-12-11T06:18:00.284Z] Command:       /opt/homebrew/Cellar/node/22.9.0/bin/node /opt/homebrew/bin/firebase emulators:start --only functions
[debug] [2024-12-11T06:18:00.285Z] CLI Version:   13.27.0
[debug] [2024-12-11T06:18:00.285Z] Platform:      darwin
[debug] [2024-12-11T06:18:00.285Z] Node Version:  v22.9.0
[debug] [2024-12-11T06:18:00.285Z] Time:          Wed Dec 11 2024 15:18:00 GMT+0900 (Korean Standard Time)
[debug] [2024-12-11T06:18:00.285Z] ----------------------------------------------------------------------
[debug] 
[debug] [2024-12-11T06:18:00.338Z] > command requires scopes: ["email","openid","https://www.googleapis.com/auth/cloudplatformprojects.readonly","https://www.googleapis.com/auth/firebase","https://www.googleapis.com/auth/cloud-platform"]
[debug] [2024-12-11T06:18:00.338Z] > authorizing via signed-in user (jay6423@gmail.com)
[info] i  emulators: Starting emulators: functions {"metadata":{"emulator":{"name":"hub"},"message":"Starting emulators: functions"}}
[debug] [2024-12-11T06:18:00.473Z] [logging] Logging Emulator only supports listening on one address (127.0.0.1). Not listening on ::1
[debug] [2024-12-11T06:18:00.473Z] assigned listening specs for emulators {"user":{"hub":[{"address":"127.0.0.1","family":"IPv4","port":4400},{"address":"::1","family":"IPv6","port":4400}],"logging":[{"address":"127.0.0.1","family":"IPv4","port":4500}]},"metadata":{"message":"assigned listening specs for emulators"}}
[debug] [2024-12-11T06:18:00.477Z] [hub] writing locator at /var/folders/xp/3t6s71g53z795shvkq_psms00000gn/T/hub-instargram-p1.json
[debug] [2024-12-11T06:18:00.660Z] [functions] Functions Emulator only supports listening on one address (127.0.0.1). Not listening on ::1
[debug] [2024-12-11T06:18:00.660Z] [eventarc] Eventarc Emulator only supports listening on one address (127.0.0.1). Not listening on ::1
[debug] [2024-12-11T06:18:00.660Z] [tasks] Cloud Tasks Emulator only supports listening on one address (127.0.0.1). Not listening on ::1
[debug] [2024-12-11T06:18:00.660Z] late-assigned ports for functions and eventarc emulators {"user":{"hub":[{"address":"127.0.0.1","family":"IPv4","port":4400},{"address":"::1","family":"IPv6","port":4400}],"logging":[{"address":"127.0.0.1","family":"IPv4","port":4500}],"functions":[{"address":"127.0.0.1","family":"IPv4","port":5001}],"eventarc":[{"address":"127.0.0.1","family":"IPv4","port":9299}],"tasks":[{"address":"127.0.0.1","family":"IPv4","port":9499}]},"metadata":{"message":"late-assigned ports for functions and eventarc emulators"}}
[warn] ⚠  functions: The following emulators are not running, calls to these services from the Functions emulator will affect production: apphosting, auth, firestore, database, hosting, pubsub, storage, dataconnect {"metadata":{"emulator":{"name":"functions"},"message":"The following emulators are not running, calls to these services from the Functions emulator will affect production: \u001b[1mapphosting, auth, firestore, database, hosting, pubsub, storage, dataconnect\u001b[22m"}}
[debug] [2024-12-11T06:18:00.662Z] defaultcredentials: writing to file /Users/paesir/.config/firebase/jay6423_gmail_com_application_default_credentials.json
[debug] [2024-12-11T06:18:00.664Z] Setting GAC to /Users/paesir/.config/firebase/jay6423_gmail_com_application_default_credentials.json {"metadata":{"emulator":{"name":"functions"},"message":"Setting GAC to /Users/paesir/.config/firebase/jay6423_gmail_com_application_default_credentials.json"}}
[debug] [2024-12-11T06:18:00.664Z] Checked if tokens are valid: false, expires at: 1733879304939
[debug] [2024-12-11T06:18:00.664Z] Checked if tokens are valid: false, expires at: 1733879304939
[debug] [2024-12-11T06:18:00.664Z] > refreshing access token with scopes: []
[debug] [2024-12-11T06:18:00.665Z] >>> [apiv2][query] POST https://www.googleapis.com/oauth2/v3/token [none]
[debug] [2024-12-11T06:18:00.665Z] >>> [apiv2][body] POST https://www.googleapis.com/oauth2/v3/token [omitted]
[debug] [2024-12-11T06:18:00.951Z] <<< [apiv2][status] POST https://www.googleapis.com/oauth2/v3/token 200
[debug] [2024-12-11T06:18:00.951Z] <<< [apiv2][body] POST https://www.googleapis.com/oauth2/v3/token [omitted]
[debug] [2024-12-11T06:18:00.965Z] >>> [apiv2][query] GET https://firebase.googleapis.com/v1beta1/projects/instargram-p1/adminSdkConfig [none]
[debug] [2024-12-11T06:18:01.846Z] <<< [apiv2][status] GET https://firebase.googleapis.com/v1beta1/projects/instargram-p1/adminSdkConfig 200
[debug] [2024-12-11T06:18:01.846Z] <<< [apiv2][body] GET https://firebase.googleapis.com/v1beta1/projects/instargram-p1/adminSdkConfig {"projectId":"instargram-p1","databaseURL":"https://instargram-p1-default-rtdb.firebaseio.com","storageBucket":"instargram-p1.firebasestorage.app"}
[warn] ⚠  emulators: The Emulator UI is not starting, either because none of the running emulators have a UI component or the Emulator UI cannot determine the Project ID. Pass the --project flag to specify a project. {"metadata":{"emulator":{"name":"hub"},"message":"The Emulator UI is not starting, either because none of the running emulators have a UI component or the Emulator UI cannot determine the Project ID. Pass the --project flag to specify a project."}}
[info] i  functions: Watching "/Users/paesir/Desktop/git/instargram_clone/client/functions" for Cloud Functions... {"metadata":{"emulator":{"name":"functions"},"message":"Watching \"/Users/paesir/Desktop/git/instargram_clone/client/functions\" for Cloud Functions..."}}
[debug] [2024-12-11T06:18:01.876Z] Validating nodejs source
[warn] ⚠  functions: package.json indicates an outdated version of firebase-functions. Please upgrade using npm install --save firebase-functions@latest in your functions directory. 
[debug] [2024-12-11T06:18:02.233Z] > [functions] package.json contents: {
  "name": "functions",
  "description": "Cloud Functions for Firebase",
  "scripts": {
    "serve": "firebase emulators:start --only functions",
    "shell": "firebase functions:shell",
    "start": "npm run shell",
    "deploy": "firebase deploy --only functions",
    "logs": "firebase functions:log"
  },
  "engines": {
    "node": "16"
  },
  "main": "index.js",
  "dependencies": {
    "express": "^4.21.2",
    "firebase-admin": "^12.6.0",
    "firebase-functions": "^6.0.1"
  },
  "devDependencies": {
    "firebase-functions-test": "^3.1.0"
  },
  "private": true
}
[debug] [2024-12-11T06:18:02.233Z] Building nodejs source
[debug] [2024-12-11T06:18:02.233Z] Failed to find version of module node: reached end of search path /Users/paesir/Desktop/git/instargram_clone/client/functions/node_modules
[warn] ⚠  functions: Your requested "node" version "16" doesn't match your global version "22". Using node@22 from host. 
[debug] [2024-12-11T06:18:02.234Z] Could not find functions.yaml. Must use http discovery
[debug] [2024-12-11T06:18:02.237Z] Found firebase-functions binary at '/Users/paesir/Desktop/git/instargram_clone/client/functions/node_modules/.bin/firebase-functions'
[info] Serving at port 8413

[debug] [2024-12-11T06:18:02.554Z] Got response from /__/functions.yaml {"endpoints":{"clientApi":{"availableMemoryMb":null,"timeoutSeconds":null,"minInstances":null,"maxInstances":null,"ingressSettings":null,"concurrency":null,"serviceAccountEmail":null,"vpc":null,"platform":"gcfv2","labels":{},"httpsTrigger":{},"entryPoint":"clientApi"}},"specVersion":"v1alpha1","requiredAPIs":[],"extensions":{}}
[info] ✔  functions: Loaded functions definitions from source: clientApi. {"metadata":{"emulator":{"name":"functions"},"message":"Loaded functions definitions from source: clientApi."}}
[info] ✔  functions[us-central1-clientApi]: http function initialized (http://127.0.0.1:5001/instargram-p1/us-central1/clientApi). {"metadata":{"emulator":{"name":"functions"},"message":"\u001b[1mhttp\u001b[22m function initialized (http://127.0.0.1:5001/instargram-p1/us-central1/clientApi)."}}
[debug] [2024-12-11T06:18:06.578Z] Could not find VSCode notification endpoint: FetchError: request to http://localhost:40001/vscode/notify failed, reason: . If you are not running the Firebase Data Connect VSCode extension, this is expected and not an issue.
[info] 
┌─────────────────────────────────────────────────────────────┐
│ ✔  All emulators ready! It is now safe to connect your app. │
└─────────────────────────────────────────────────────────────┘

┌───────────┬────────────────┐
│ Emulator  │ Host:Port      │
├───────────┼────────────────┤
│ Functions │ 127.0.0.1:5001 │
└───────────┴────────────────┘
  Emulator Hub running at 127.0.0.1:4400
  Other reserved ports: 4500

Issues? Report them at https://github.com/firebase/firebase-tools/issues and attach the *-debug.log files.
 
[debug] [2024-12-11T06:26:52.613Z] File /Users/paesir/Desktop/git/instargram_clone/client/functions/router/client.js changed, reloading triggers {"metadata":{"emulator":{"name":"functions"},"message":"File /Users/paesir/Desktop/git/instargram_clone/client/functions/router/client.js changed, reloading triggers"}}
[debug] [2024-12-11T06:26:53.617Z] Validating nodejs source
[warn] ⚠  functions: package.json indicates an outdated version of firebase-functions. Please upgrade using npm install --save firebase-functions@latest in your functions directory. 
[debug] [2024-12-11T06:26:53.994Z] > [functions] package.json contents: {
  "name": "functions",
  "description": "Cloud Functions for Firebase",
  "scripts": {
    "serve": "firebase emulators:start --only functions",
    "shell": "firebase functions:shell",
    "start": "npm run shell",
    "deploy": "firebase deploy --only functions",
    "logs": "firebase functions:log"
  },
  "engines": {
    "node": "16"
  },
  "main": "index.js",
  "dependencies": {
    "express": "^4.21.2",
    "firebase-admin": "^12.6.0",
    "firebase-functions": "^6.0.1"
  },
  "devDependencies": {
    "firebase-functions-test": "^3.1.0"
  },
  "private": true
}
[debug] [2024-12-11T06:26:53.994Z] Building nodejs source
[debug] [2024-12-11T06:26:53.994Z] Failed to find version of module node: reached end of search path /Users/paesir/Desktop/git/instargram_clone/client/functions/node_modules
[warn] ⚠  functions: Your requested "node" version "16" doesn't match your global version "22". Using node@22 from host. 
[debug] [2024-12-11T06:26:53.995Z] Could not find functions.yaml. Must use http discovery
[debug] [2024-12-11T06:26:53.996Z] Found firebase-functions binary at '/Users/paesir/Desktop/git/instargram_clone/client/functions/node_modules/.bin/firebase-functions'
[info] Serving at port 8421

[debug] [2024-12-11T06:26:54.302Z] Got response from /__/functions.yaml {"endpoints":{"clientApi":{"availableMemoryMb":null,"timeoutSeconds":null,"minInstances":null,"maxInstances":null,"ingressSettings":null,"concurrency":null,"serviceAccountEmail":null,"vpc":null,"platform":"gcfv2","labels":{},"httpsTrigger":{},"entryPoint":"clientApi"}},"specVersion":"v1alpha1","requiredAPIs":[],"extensions":{}}
[info] ✔  functions: Loaded functions definitions from source: clientApi. {"metadata":{"emulator":{"name":"functions"},"message":"Loaded functions definitions from source: clientApi."}}
[debug] [2024-12-11T06:29:56.513Z] File /Users/paesir/Desktop/git/instargram_clone/client/functions/router/client.js changed, reloading triggers {"metadata":{"emulator":{"name":"functions"},"message":"File /Users/paesir/Desktop/git/instargram_clone/client/functions/router/client.js changed, reloading triggers"}}
[debug] [2024-12-11T06:29:57.519Z] Validating nodejs source
[warn] ⚠  functions: package.json indicates an outdated version of firebase-functions. Please upgrade using npm install --save firebase-functions@latest in your functions directory. 
[debug] [2024-12-11T06:29:57.894Z] > [functions] package.json contents: {
  "name": "functions",
  "description": "Cloud Functions for Firebase",
  "scripts": {
    "serve": "firebase emulators:start --only functions",
    "shell": "firebase functions:shell",
    "start": "npm run shell",
    "deploy": "firebase deploy --only functions",
    "logs": "firebase functions:log"
  },
  "engines": {
    "node": "16"
  },
  "main": "index.js",
  "dependencies": {
    "express": "^4.21.2",
    "firebase-admin": "^12.6.0",
    "firebase-functions": "^6.0.1"
  },
  "devDependencies": {
    "firebase-functions-test": "^3.1.0"
  },
  "private": true
}
[debug] [2024-12-11T06:29:57.894Z] Building nodejs source
[debug] [2024-12-11T06:29:57.894Z] Failed to find version of module node: reached end of search path /Users/paesir/Desktop/git/instargram_clone/client/functions/node_modules
[warn] ⚠  functions: Your requested "node" version "16" doesn't match your global version "22". Using node@22 from host. 
[debug] [2024-12-11T06:29:57.895Z] Could not find functions.yaml. Must use http discovery
[debug] [2024-12-11T06:29:57.896Z] Found firebase-functions binary at '/Users/paesir/Desktop/git/instargram_clone/client/functions/node_modules/.bin/firebase-functions'
[info] Serving at port 8509

[debug] [2024-12-11T06:29:58.210Z] Got response from /__/functions.yaml {"endpoints":{"clientApi":{"availableMemoryMb":null,"timeoutSeconds":null,"minInstances":null,"maxInstances":null,"ingressSettings":null,"concurrency":null,"serviceAccountEmail":null,"vpc":null,"platform":"gcfv2","labels":{},"httpsTrigger":{},"entryPoint":"clientApi"}},"specVersion":"v1alpha1","requiredAPIs":[],"extensions":{}}
[info] ✔  functions: Loaded functions definitions from source: clientApi. {"metadata":{"emulator":{"name":"functions"},"message":"Loaded functions definitions from source: clientApi."}}
[debug] [2024-12-11T06:30:48.810Z] File /Users/paesir/Desktop/git/instargram_clone/client/functions/router/client.js changed, reloading triggers {"metadata":{"emulator":{"name":"functions"},"message":"File /Users/paesir/Desktop/git/instargram_clone/client/functions/router/client.js changed, reloading triggers"}}
[debug] [2024-12-11T06:30:49.815Z] Validating nodejs source
[warn] ⚠  functions: package.json indicates an outdated version of firebase-functions. Please upgrade using npm install --save firebase-functions@latest in your functions directory. 
[debug] [2024-12-11T06:30:50.278Z] > [functions] package.json contents: {
  "name": "functions",
  "description": "Cloud Functions for Firebase",
  "scripts": {
    "serve": "firebase emulators:start --only functions",
    "shell": "firebase functions:shell",
    "start": "npm run shell",
    "deploy": "firebase deploy --only functions",
    "logs": "firebase functions:log"
  },
  "engines": {
    "node": "16"
  },
  "main": "index.js",
  "dependencies": {
    "express": "^4.21.2",
    "firebase-admin": "^12.6.0",
    "firebase-functions": "^6.0.1"
  },
  "devDependencies": {
    "firebase-functions-test": "^3.1.0"
  },
  "private": true
}
[debug] [2024-12-11T06:30:50.278Z] Building nodejs source
[debug] [2024-12-11T06:30:50.278Z] Failed to find version of module node: reached end of search path /Users/paesir/Desktop/git/instargram_clone/client/functions/node_modules
[warn] ⚠  functions: Your requested "node" version "16" doesn't match your global version "22". Using node@22 from host. 
[debug] [2024-12-11T06:30:50.279Z] Could not find functions.yaml. Must use http discovery
[debug] [2024-12-11T06:30:50.279Z] Found firebase-functions binary at '/Users/paesir/Desktop/git/instargram_clone/client/functions/node_modules/.bin/firebase-functions'
[info] Serving at port 8398

[debug] [2024-12-11T06:30:50.592Z] Got response from /__/functions.yaml {"endpoints":{"clientApi":{"availableMemoryMb":null,"timeoutSeconds":null,"minInstances":null,"maxInstances":null,"ingressSettings":null,"concurrency":null,"serviceAccountEmail":null,"vpc":null,"platform":"gcfv2","labels":{},"httpsTrigger":{},"entryPoint":"clientApi"}},"specVersion":"v1alpha1","requiredAPIs":[],"extensions":{}}
[info] ✔  functions: Loaded functions definitions from source: clientApi. {"metadata":{"emulator":{"name":"functions"},"message":"Loaded functions definitions from source: clientApi."}}
[debug] [2024-12-11T06:31:40.705Z] File /Users/paesir/Desktop/git/instargram_clone/client/functions/router/client.js changed, reloading triggers {"metadata":{"emulator":{"name":"functions"},"message":"File /Users/paesir/Desktop/git/instargram_clone/client/functions/router/client.js changed, reloading triggers"}}
[debug] [2024-12-11T06:31:41.707Z] Validating nodejs source
[warn] ⚠  functions: package.json indicates an outdated version of firebase-functions. Please upgrade using npm install --save firebase-functions@latest in your functions directory. 
[debug] [2024-12-11T06:31:42.064Z] > [functions] package.json contents: {
  "name": "functions",
  "description": "Cloud Functions for Firebase",
  "scripts": {
    "serve": "firebase emulators:start --only functions",
    "shell": "firebase functions:shell",
    "start": "npm run shell",
    "deploy": "firebase deploy --only functions",
    "logs": "firebase functions:log"
  },
  "engines": {
    "node": "16"
  },
  "main": "index.js",
  "dependencies": {
    "express": "^4.21.2",
    "firebase-admin": "^12.6.0",
    "firebase-functions": "^6.0.1"
  },
  "devDependencies": {
    "firebase-functions-test": "^3.1.0"
  },
  "private": true
}
[debug] [2024-12-11T06:31:42.065Z] Building nodejs source
[debug] [2024-12-11T06:31:42.065Z] Failed to find version of module node: reached end of search path /Users/paesir/Desktop/git/instargram_clone/client/functions/node_modules
[warn] ⚠  functions: Your requested "node" version "16" doesn't match your global version "22". Using node@22 from host. 
[debug] [2024-12-11T06:31:42.065Z] Could not find functions.yaml. Must use http discovery
[debug] [2024-12-11T06:31:42.066Z] Found firebase-functions binary at '/Users/paesir/Desktop/git/instargram_clone/client/functions/node_modules/.bin/firebase-functions'
[info] Serving at port 8611

[debug] [2024-12-11T06:31:42.373Z] Got response from /__/functions.yaml {"endpoints":{"clientApi":{"availableMemoryMb":null,"timeoutSeconds":null,"minInstances":null,"maxInstances":null,"ingressSettings":null,"concurrency":null,"serviceAccountEmail":null,"vpc":null,"platform":"gcfv2","labels":{},"httpsTrigger":{},"entryPoint":"clientApi"}},"specVersion":"v1alpha1","requiredAPIs":[],"extensions":{}}
[info] ✔  functions: Loaded functions definitions from source: clientApi. {"metadata":{"emulator":{"name":"functions"},"message":"Loaded functions definitions from source: clientApi."}}
[debug] [2024-12-11T06:32:25.941Z] File /Users/paesir/Desktop/git/instargram_clone/client/functions/router/client.js changed, reloading triggers {"metadata":{"emulator":{"name":"functions"},"message":"File /Users/paesir/Desktop/git/instargram_clone/client/functions/router/client.js changed, reloading triggers"}}
[debug] [2024-12-11T06:32:26.945Z] Validating nodejs source
[warn] ⚠  functions: package.json indicates an outdated version of firebase-functions. Please upgrade using npm install --save firebase-functions@latest in your functions directory. 
[debug] [2024-12-11T06:32:27.307Z] > [functions] package.json contents: {
  "name": "functions",
  "description": "Cloud Functions for Firebase",
  "scripts": {
    "serve": "firebase emulators:start --only functions",
    "shell": "firebase functions:shell",
    "start": "npm run shell",
    "deploy": "firebase deploy --only functions",
    "logs": "firebase functions:log"
  },
  "engines": {
    "node": "16"
  },
  "main": "index.js",
  "dependencies": {
    "express": "^4.21.2",
    "firebase-admin": "^12.6.0",
    "firebase-functions": "^6.0.1"
  },
  "devDependencies": {
    "firebase-functions-test": "^3.1.0"
  },
  "private": true
}
[debug] [2024-12-11T06:32:27.307Z] Building nodejs source
[debug] [2024-12-11T06:32:27.307Z] Failed to find version of module node: reached end of search path /Users/paesir/Desktop/git/instargram_clone/client/functions/node_modules
[warn] ⚠  functions: Your requested "node" version "16" doesn't match your global version "22". Using node@22 from host. 
[debug] [2024-12-11T06:32:27.308Z] Could not find functions.yaml. Must use http discovery
[debug] [2024-12-11T06:32:27.308Z] Found firebase-functions binary at '/Users/paesir/Desktop/git/instargram_clone/client/functions/node_modules/.bin/firebase-functions'
[info] Serving at port 8850

[debug] [2024-12-11T06:32:27.640Z] Got response from /__/functions.yaml {"endpoints":{"clientApi":{"availableMemoryMb":null,"timeoutSeconds":null,"minInstances":null,"maxInstances":null,"ingressSettings":null,"concurrency":null,"serviceAccountEmail":null,"vpc":null,"platform":"gcfv2","labels":{},"httpsTrigger":{},"entryPoint":"clientApi"}},"specVersion":"v1alpha1","requiredAPIs":[],"extensions":{}}
[info] ✔  functions: Loaded functions definitions from source: clientApi. {"metadata":{"emulator":{"name":"functions"},"message":"Loaded functions definitions from source: clientApi."}}
[debug] [2024-12-11T06:41:51.721Z] File /Users/paesir/Desktop/git/instargram_clone/client/functions/router/client.js changed, reloading triggers {"metadata":{"emulator":{"name":"functions"},"message":"File /Users/paesir/Desktop/git/instargram_clone/client/functions/router/client.js changed, reloading triggers"}}
[debug] [2024-12-11T06:41:52.724Z] Validating nodejs source
[warn] ⚠  functions: package.json indicates an outdated version of firebase-functions. Please upgrade using npm install --save firebase-functions@latest in your functions directory. 
[debug] [2024-12-11T06:41:53.096Z] > [functions] package.json contents: {
  "name": "functions",
  "description": "Cloud Functions for Firebase",
  "scripts": {
    "serve": "firebase emulators:start --only functions",
    "shell": "firebase functions:shell",
    "start": "npm run shell",
    "deploy": "firebase deploy --only functions",
    "logs": "firebase functions:log"
  },
  "engines": {
    "node": "16"
  },
  "main": "index.js",
  "dependencies": {
    "express": "^4.21.2",
    "firebase-admin": "^12.6.0",
    "firebase-functions": "^6.0.1"
  },
  "devDependencies": {
    "firebase-functions-test": "^3.1.0"
  },
  "private": true
}
[debug] [2024-12-11T06:41:53.096Z] Building nodejs source
[debug] [2024-12-11T06:41:53.096Z] Failed to find version of module node: reached end of search path /Users/paesir/Desktop/git/instargram_clone/client/functions/node_modules
[warn] ⚠  functions: Your requested "node" version "16" doesn't match your global version "22". Using node@22 from host. 
[debug] [2024-12-11T06:41:53.097Z] Could not find functions.yaml. Must use http discovery
[debug] [2024-12-11T06:41:53.098Z] Found firebase-functions binary at '/Users/paesir/Desktop/git/instargram_clone/client/functions/node_modules/.bin/firebase-functions'
[info] Serving at port 8705

[debug] [2024-12-11T06:41:53.407Z] Got response from /__/functions.yaml {"endpoints":{"clientApi":{"availableMemoryMb":null,"timeoutSeconds":null,"minInstances":null,"maxInstances":null,"ingressSettings":null,"concurrency":null,"serviceAccountEmail":null,"vpc":null,"platform":"gcfv2","labels":{},"httpsTrigger":{},"entryPoint":"clientApi"}},"specVersion":"v1alpha1","requiredAPIs":[],"extensions":{}}
[info] ✔  functions: Loaded functions definitions from source: clientApi. {"metadata":{"emulator":{"name":"functions"},"message":"Loaded functions definitions from source: clientApi."}}
